<?xml version="1.0" encoding="UTF-8"?>
<!-- Generated by org.testng.reporters.JUnitXMLReporter -->
<testsuite hostname="NDTF3W4F09" ignored="0" name="Test" tests="1" failures="1" timestamp="02 Nov 2018 07:12:38 GMT" time="0.032" errors="0">
  <testcase name="A" time="0.016" classname="package_Test.First">
    <failure type="java.lang.AssertionError" message="expected [a] but found [s]">
      <![CDATA[java.lang.AssertionError: expected [a] but found [s]
at package_Test.First.A(First.java:20)
... Removed 31 stack frames]]>
    </failure>
  </testcase> <!-- A -->
</testsuite> <!-- Test -->
